# JRE version: Java(TM) SE Runtime Environment 18.9 (11.0.15+8) (build 11.0.15+8-LTS-149)
# Java VM: Java HotSpot(TM) 64-Bit Server VM 18.9 (11.0.15+8-LTS-149, mixed mode, tiered, compressed oops, g1 gc, windows-amd64)
Heap:
 garbage-first heap   total 332800K, used 247800K [0x0000000080000000, 0x0000000100000000)
  region size 1024K, 58 young (59392K), 12 survivors (12288K)
 Metaspace       used 129703K, capacity 133646K, committed 133896K, reserved 1165312K
  class space    used 15946K, capacity 17448K, committed 17488K, reserved 1048576K
GC Heap History (10 events):
Event: 2037.551 GC heap before
{Heap before GC invocations=83 (full 0):
 garbage-first heap   total 332800K, used 263900K [0x0000000080000000, 0x0000000100000000)
  region size 1024K, 82 young (83968K), 7 survivors (7168K)
 Metaspace       used 128592K, capacity 132205K, committed 132360K, reserved 1165312K
  class space    used 15818K, capacity 17197K, committed 17232K, reserved 1048576K
}
Event: 2037.571 GC heap after
{Heap after GC invocations=84 (full 0):
 garbage-first heap   total 332800K, used 175647K [0x0000000080000000, 0x0000000100000000)
  region size 1024K, 7 young (7168K), 7 survivors (7168K)
 Metaspace       used 128592K, capacity 132205K, committed 132360K, reserved 1165312K
  class space    used 15818K, capacity 17197K, committed 17232K, reserved 1048576K
}
Event: 2038.455 GC heap before
{Heap before GC invocations=84 (full 0):
 garbage-first heap   total 332800K, used 258591K [0x0000000080000000, 0x0000000100000000)
  region size 1024K, 85 young (87040K), 7 survivors (7168K)
 Metaspace       used 128695K, capacity 132276K, committed 132360K, reserved 1165312K
  class space    used 15818K, capacity 17198K, committed 17232K, reserved 1048576K
}
Event: 2038.468 GC heap after
{Heap after GC invocations=85 (full 0):
 garbage-first heap   total 332800K, used 182208K [0x0000000080000000, 0x0000000100000000)
  region size 1024K, 8 young (8192K), 8 survivors (8192K)
 Metaspace       used 128695K, capacity 132276K, committed 132360K, reserved 1165312K
  class space    used 15818K, capacity 17198K, committed 17232K, reserved 1048576K
}
Event: 2079.663 GC heap before
{Heap before GC invocations=85 (full 0):
 garbage-first heap   total 332800K, used 272320K [0x0000000080000000, 0x0000000100000000)
  region size 1024K, 84 young (86016K), 8 survivors (8192K)
 Metaspace       used 128750K, capacity 132286K, committed 132360K, reserved 1165312K
  class space    used 15819K, capacity 17199K, committed 17232K, reserved 1048576K
}
Event: 2079.665 GC heap after
{Heap after GC invocations=86 (full 0):
 garbage-first heap   total 332800K, used 173909K [0x0000000080000000, 0x0000000100000000)
  region size 1024K, 1 young (1024K), 1 survivors (1024K)
 Metaspace       used 128750K, capacity 132286K, committed 132360K, reserved 1165312K
  class space    used 15819K, capacity 17199K, committed 17232K, reserved 1048576K
}
Event: 2083.563 GC heap before
{Heap before GC invocations=86 (full 0):
 garbage-first heap   total 332800K, used 280405K [0x0000000080000000, 0x0000000100000000)
  region size 1024K, 89 young (91136K), 1 survivors (1024K)
 Metaspace       used 129101K, capacity 132806K, committed 133000K, reserved 1165312K
  class space    used 15847K, capacity 17266K, committed 17360K, reserved 1048576K
}
Event: 2083.573 GC heap after
{Heap after GC invocations=87 (full 0):
 garbage-first heap   total 332800K, used 178755K [0x0000000080000000, 0x0000000100000000)
  region size 1024K, 6 young (6144K), 6 survivors (6144K)
 Metaspace       used 129101K, capacity 132806K, committed 133000K, reserved 1165312K
  class space    used 15847K, capacity 17266K, committed 17360K, reserved 1048576K
}
Event: 2094.571 GC heap before
{Heap before GC invocations=87 (full 0):
 garbage-first heap   total 332800K, used 268867K [0x0000000080000000, 0x0000000100000000)
  region size 1024K, 92 young (94208K), 6 survivors (6144K)
 Metaspace       used 129668K, capacity 133646K, committed 133896K, reserved 1165312K
  class space    used 15946K, capacity 17448K, committed 17488K, reserved 1048576K
}
Event: 2094.591 GC heap after
{Heap after GC invocations=88 (full 0):
 garbage-first heap   total 332800K, used 193528K [0x0000000080000000, 0x0000000100000000)
  region size 1024K, 12 young (12288K), 12 survivors (12288K)
 Metaspace       used 129668K, capacity 133646K, committed 133896K, reserved 1165312K
  class space    used 15946K, capacity 17448K, committed 17488K, reserved 1048576K
}

